2023-09-21 13:11:44.5130|0|INFO|Microsoft.Hosting.Lifetime|Now listening on: https://localhost:7184 |url: |action: |Microsoft.AspNetCore.Hosting.GenericWebHostService.StartAsync
2023-09-21 13:11:44.5495|0|INFO|Microsoft.Hosting.Lifetime|Now listening on: http://localhost:5294 |url: |action: |Microsoft.AspNetCore.Hosting.GenericWebHostService.StartAsync
2023-09-21 13:11:44.5495|0|INFO|Microsoft.Hosting.Lifetime|Application started. Press Ctrl+C to shut down. |url: |action: |Microsoft.Extensions.Hosting.Internal.ConsoleLifetime.OnApplicationStarted
2023-09-21 13:11:44.5495|0|INFO|Microsoft.Hosting.Lifetime|Hosting environment: Development |url: |action: |Microsoft.Extensions.Hosting.Internal.ConsoleLifetime.OnApplicationStarted
2023-09-21 13:11:44.5495|0|INFO|Microsoft.Hosting.Lifetime|Content root path: E:\DotNetProjects\ProgerTasks\ProgerTasks |url: |action: |Microsoft.Extensions.Hosting.Internal.ApplicationLifetime.NotifyStarted
2023-09-21 13:11:53.9701|0|INFO|ProgerTasks.Service.Implementations.Tasks.TaskService|Request for get all tasks |url: https://localhost/api/v1/Tasks|action: GetAllTasks|ProgerTasks.Service.Implementations.Tasks.TaskService.GetAllTasks
2023-09-21 13:11:54.4506|0|INFO|ProgerTasks.Service.Implementations.Tasks.TaskService|Tasks received |url: https://localhost/api/v1/Tasks|action: GetAllTasks|ProgerTasks.Service.Implementations.Tasks.TaskService.GetAllTasks
2023-09-21 13:14:31.3250|0|INFO|Microsoft.Hosting.Lifetime|Now listening on: https://localhost:7184 |url: |action: |Microsoft.AspNetCore.Hosting.GenericWebHostService.StartAsync
2023-09-21 13:14:31.3443|0|INFO|Microsoft.Hosting.Lifetime|Now listening on: http://localhost:5294 |url: |action: |Microsoft.AspNetCore.Hosting.GenericWebHostService.StartAsync
2023-09-21 13:14:31.3443|0|INFO|Microsoft.Hosting.Lifetime|Application started. Press Ctrl+C to shut down. |url: |action: |Microsoft.Extensions.Hosting.Internal.ConsoleLifetime.OnApplicationStarted
2023-09-21 13:14:31.3443|0|INFO|Microsoft.Hosting.Lifetime|Hosting environment: Development |url: |action: |Microsoft.Extensions.Hosting.Internal.ConsoleLifetime.OnApplicationStarted
2023-09-21 13:14:31.3443|0|INFO|Microsoft.Hosting.Lifetime|Content root path: E:\DotNetProjects\ProgerTasks\ProgerTasks |url: |action: |Microsoft.Extensions.Hosting.Internal.ApplicationLifetime.NotifyStarted
2023-09-21 13:14:57.5056|0|INFO|Microsoft.Hosting.Lifetime|Now listening on: https://localhost:7184 |url: |action: |Microsoft.AspNetCore.Hosting.GenericWebHostService.StartAsync
2023-09-21 13:14:57.5147|0|INFO|Microsoft.Hosting.Lifetime|Now listening on: http://localhost:5294 |url: |action: |Microsoft.AspNetCore.Hosting.GenericWebHostService.StartAsync
2023-09-21 13:14:57.5147|0|INFO|Microsoft.Hosting.Lifetime|Application started. Press Ctrl+C to shut down. |url: |action: |Microsoft.Extensions.Hosting.Internal.ConsoleLifetime.OnApplicationStarted
2023-09-21 13:14:57.5147|0|INFO|Microsoft.Hosting.Lifetime|Hosting environment: Development |url: |action: |Microsoft.Extensions.Hosting.Internal.ConsoleLifetime.OnApplicationStarted
2023-09-21 13:14:57.5147|0|INFO|Microsoft.Hosting.Lifetime|Content root path: E:\DotNetProjects\ProgerTasks\ProgerTasks |url: |action: |Microsoft.Extensions.Hosting.Internal.ApplicationLifetime.NotifyStarted
2023-09-21 13:15:27.0126|0|INFO|Microsoft.Hosting.Lifetime|Application is shutting down... |url: |action: |Microsoft.Extensions.Hosting.Internal.ApplicationLifetime.StopApplication
2023-09-21 13:41:38.1271|0|INFO|Microsoft.Hosting.Lifetime|Now listening on: https://localhost:7184 |url: |action: |Microsoft.AspNetCore.Hosting.GenericWebHostService.StartAsync
2023-09-21 13:41:38.1271|0|INFO|Microsoft.Hosting.Lifetime|Now listening on: http://localhost:5294 |url: |action: |Microsoft.AspNetCore.Hosting.GenericWebHostService.StartAsync
2023-09-21 13:41:38.1271|0|INFO|Microsoft.Hosting.Lifetime|Application started. Press Ctrl+C to shut down. |url: |action: |Microsoft.Extensions.Hosting.Internal.ConsoleLifetime.OnApplicationStarted
2023-09-21 13:41:38.1271|0|INFO|Microsoft.Hosting.Lifetime|Hosting environment: Development |url: |action: |Microsoft.Extensions.Hosting.Internal.ConsoleLifetime.OnApplicationStarted
2023-09-21 13:41:38.1271|0|INFO|Microsoft.Hosting.Lifetime|Content root path: E:\DotNetProjects\ProgerTasks\ProgerTasks |url: |action: |Microsoft.Extensions.Hosting.Internal.ApplicationLifetime.NotifyStarted
2023-09-21 13:41:43.7235|0|INFO|Microsoft.Hosting.Lifetime|Application is shutting down... |url: |action: |Microsoft.Extensions.Hosting.Internal.ApplicationLifetime.StopApplication
2023-09-21 14:49:27.0219|0|FATAL|Microsoft.AspNetCore.Hosting.Diagnostics|Application startup exception System.InvalidOperationException: A suitable constructor for type 'ProgerTasks.Middlewares.RequestLoggingMiddleware' could not be located. Ensure the type is concrete and services are registered for all parameters of a public constructor.
   at Microsoft.Extensions.Internal.ActivatorUtilities.CreateInstance(IServiceProvider provider, Type instanceType, Object[] parameters)
   at Microsoft.AspNetCore.Builder.UseMiddlewareExtensions.<>c__DisplayClass5_0.<UseMiddleware>b__0(RequestDelegate next)
   at Microsoft.AspNetCore.Builder.ApplicationBuilder.Build()
   at Microsoft.AspNetCore.Builder.ApplicationBuilder.Build()
   at Microsoft.AspNetCore.Hosting.GenericWebHostService.StartAsync(CancellationToken cancellationToken)|url: |action: |Microsoft.AspNetCore.Hosting.HostingLoggerExtensions.ApplicationError
2023-09-21 14:50:24.4514|0|FATAL|Microsoft.AspNetCore.Hosting.Diagnostics|Application startup exception System.InvalidOperationException: A suitable constructor for type 'ProgerTasks.Middlewares.RequestLoggingMiddleware' could not be located. Ensure the type is concrete and services are registered for all parameters of a public constructor.
   at Microsoft.Extensions.Internal.ActivatorUtilities.CreateInstance(IServiceProvider provider, Type instanceType, Object[] parameters)
   at Microsoft.AspNetCore.Builder.UseMiddlewareExtensions.<>c__DisplayClass5_0.<UseMiddleware>b__0(RequestDelegate next)
   at Microsoft.AspNetCore.Builder.ApplicationBuilder.Build()
   at Microsoft.AspNetCore.Builder.ApplicationBuilder.Build()
   at Microsoft.AspNetCore.Hosting.GenericWebHostService.StartAsync(CancellationToken cancellationToken)|url: |action: |Microsoft.AspNetCore.Hosting.HostingLoggerExtensions.ApplicationError
2023-09-21 14:50:57.9160|0|FATAL|Microsoft.AspNetCore.Hosting.Diagnostics|Application startup exception System.InvalidOperationException: A suitable constructor for type 'ProgerTasks.Middlewares.RequestLoggingMiddleware' could not be located. Ensure the type is concrete and services are registered for all parameters of a public constructor.
   at Microsoft.Extensions.Internal.ActivatorUtilities.CreateInstance(IServiceProvider provider, Type instanceType, Object[] parameters)
   at Microsoft.AspNetCore.Builder.UseMiddlewareExtensions.<>c__DisplayClass5_0.<UseMiddleware>b__0(RequestDelegate next)
   at Microsoft.AspNetCore.Builder.ApplicationBuilder.Build()
   at Microsoft.AspNetCore.Builder.ApplicationBuilder.Build()
   at Microsoft.AspNetCore.Hosting.GenericWebHostService.StartAsync(CancellationToken cancellationToken)|url: |action: |Microsoft.AspNetCore.Hosting.HostingLoggerExtensions.ApplicationError
2023-09-21 14:52:47.2330|0|INFO|Microsoft.Hosting.Lifetime|Now listening on: https://localhost:7184 |url: |action: |Microsoft.AspNetCore.Hosting.GenericWebHostService.StartAsync
2023-09-21 14:52:47.2480|0|INFO|Microsoft.Hosting.Lifetime|Now listening on: http://localhost:5294 |url: |action: |Microsoft.AspNetCore.Hosting.GenericWebHostService.StartAsync
2023-09-21 14:52:47.2480|0|INFO|Microsoft.Hosting.Lifetime|Application started. Press Ctrl+C to shut down. |url: |action: |Microsoft.Extensions.Hosting.Internal.ConsoleLifetime.OnApplicationStarted
2023-09-21 14:52:47.2480|0|INFO|Microsoft.Hosting.Lifetime|Hosting environment: Development |url: |action: |Microsoft.Extensions.Hosting.Internal.ConsoleLifetime.OnApplicationStarted
2023-09-21 14:52:47.2496|0|INFO|Microsoft.Hosting.Lifetime|Content root path: E:\DotNetProjects\ProgerTasks\ProgerTasks |url: |action: |Microsoft.Extensions.Hosting.Internal.ApplicationLifetime.NotifyStarted
2023-09-21 14:53:02.0755|0|INFO|Microsoft.Hosting.Lifetime|Now listening on: https://localhost:7184 |url: |action: |Microsoft.AspNetCore.Hosting.GenericWebHostService.StartAsync
2023-09-21 14:53:02.0847|0|INFO|Microsoft.Hosting.Lifetime|Now listening on: http://localhost:5294 |url: |action: |Microsoft.AspNetCore.Hosting.GenericWebHostService.StartAsync
2023-09-21 14:53:02.0847|0|INFO|Microsoft.Hosting.Lifetime|Application started. Press Ctrl+C to shut down. |url: |action: |Microsoft.Extensions.Hosting.Internal.ConsoleLifetime.OnApplicationStarted
2023-09-21 14:53:02.0847|0|INFO|Microsoft.Hosting.Lifetime|Hosting environment: Development |url: |action: |Microsoft.Extensions.Hosting.Internal.ConsoleLifetime.OnApplicationStarted
2023-09-21 14:53:02.0847|0|INFO|Microsoft.Hosting.Lifetime|Content root path: E:\DotNetProjects\ProgerTasks\ProgerTasks |url: |action: |Microsoft.Extensions.Hosting.Internal.ApplicationLifetime.NotifyStarted
2023-09-21 14:53:07.5050|0|INFO|ProgerTasks.Service.Implementations.Tasks.TaskService|Request for get all tasks |url: https://localhost/api/v1/Tasks|action: GetAllTasks|ProgerTasks.Service.Implementations.Tasks.TaskService.GetAllTasks
2023-09-21 14:53:07.7411|0|INFO|ProgerTasks.Service.Implementations.Tasks.TaskService|Tasks received |url: https://localhost/api/v1/Tasks|action: GetAllTasks|ProgerTasks.Service.Implementations.Tasks.TaskService.GetAllTasks
2023-09-21 14:53:13.8251|0|INFO|Microsoft.Hosting.Lifetime|Application is shutting down... |url: |action: |Microsoft.Extensions.Hosting.Internal.ApplicationLifetime.StopApplication
